Using pre-set license
Built from '2020.3/staging' branch; Version is '2020.3.11f1 (99c7afb366b3) revision 10078127'; Using compiler version '192528614'; Build Type 'Release'
OS: 'Windows 10 Home; OS build 19041.1052; Version 2004; 64bit' Language: 'en' Physical Memory: 8108 MB
BatchMode: 1, IsHumanControllingUs: 0, StartBugReporterOnCrash: 0, Is64bit: 1, IsPro: 0

 COMMAND LINE ARGUMENTS:
C:\Users\Thors\Desktop\New folder\2020.3.11f1\Editor\Unity.exe
-adb2
-batchMode
-noUpm
-name
AssetImportWorker0
-projectPath
C:/Users/Thors/dev/unity/projects/OF
-logFile
Logs/AssetImportWorker0.log
-srvPort
53695
Successfully changed project path to: C:/Users/Thors/dev/unity/projects/OF
C:/Users/Thors/dev/unity/projects/OF
Using Asset Import Pipeline V2.
Refreshing native plugins compatible for Editor in 107.08 ms, found 3 plugins.
Preloading 0 native plugins for Editor in 0.00 ms.
Initialize engine version: 2020.3.11f1 (99c7afb366b3)
[Subsystems] Discovering subsystems at path C:/Users/Thors/Desktop/New folder/2020.3.11f1/Editor/Data/Resources/UnitySubsystems
[Subsystems] Discovering subsystems at path C:/Users/Thors/dev/unity/projects/OF/Assets
GfxDevice: creating device client; threaded=0
Direct3D:
    Version:  Direct3D 11.0 [level 11.1]
    Renderer: Intel(R) HD Graphics 620 (ID=0x5916)
    Vendor:   
    VRAM:     4054 MB
    Driver:   26.20.100.7925
Initialize mono
Mono path[0] = 'C:/Users/Thors/Desktop/New folder/2020.3.11f1/Editor/Data/Managed'
Mono path[1] = 'C:/Users/Thors/Desktop/New folder/2020.3.11f1/Editor/Data/MonoBleedingEdge/lib/mono/unityjit'
Mono config path = 'C:/Users/Thors/Desktop/New folder/2020.3.11f1/Editor/Data/MonoBleedingEdge/etc'
Using monoOptions --debugger-agent=transport=dt_socket,embedding=1,server=y,suspend=n,address=127.0.0.1:56172
Begin MonoManager ReloadAssembly
Registering precompiled unity dll's ...
Register platform support module: C:/Users/Thors/Desktop/New folder/2020.3.11f1/Editor/Data/PlaybackEngines/WindowsStandaloneSupport/UnityEditor.WindowsStandalone.Extensions.dll
Registered in 0.210071 seconds.
Native extension for WindowsStandalone target not found
Refreshing native plugins compatible for Editor in 115.62 ms, found 3 plugins.
Preloading 0 native plugins for Editor in 0.00 ms.
Mono: successfully reloaded assembly
- Completed reload, in  7.244 seconds
Platform modules already initialized, skipping
Registering precompiled user dll's ...
Registered in 0.019222 seconds.
Begin MonoManager ReloadAssembly
Native extension for WindowsStandalone target not found
Refreshing native plugins compatible for Editor in 76.86 ms, found 3 plugins.
Preloading 0 native plugins for Editor in 0.00 ms.
Mono: successfully reloaded assembly
- Completed reload, in  2.146 seconds
Platform modules already initialized, skipping
========================================================================
Worker process is ready to serve import requests
Launched and connected shader compiler UnityShaderCompiler.exe after 0.09 seconds
Refreshing native plugins compatible for Editor in 0.98 ms, found 3 plugins.
Preloading 0 native plugins for Editor in 0.00 ms.
Unloading 2430 Unused Serialized files (Serialized files now loaded: 0)
System memory in use before: 108.8 MB.
System memory in use after: 108.9 MB.

Unloading 34 unused Assets to reduce memory usage. Loaded Objects now: 2869.
Total: 6.061700 ms (FindLiveObjects: 0.399900 ms CreateObjectMapping: 0.211700 ms MarkObjects: 5.212000 ms  DeleteObjects: 0.235900 ms)

========================================================================
Received Import Request.
  path: Assets/Scripts/PlacementIndicator.cs
  artifactKey: Guid(beb7ff9dc09a4e84e8bb3eedcf456a7c) Importer(815301076,1909f56bfc062723c751e8b465ee728b)
Start importing Assets/Scripts/PlacementIndicator.cs using Guid(beb7ff9dc09a4e84e8bb3eedcf456a7c) Importer(815301076,1909f56bfc062723c751e8b465ee728b)  -> (artifact id: 'b70f365854c47dd2cb203ba345362fbd') in 0.105510 seconds
  Import took 0.112479 seconds .

========================================================================
Received Import Request.
  Time since last request: 0.000613 seconds.
  path: Assets/Materials/BroccoTree_1.prefab
  artifactKey: Guid(a3aedda576cd0f04fb6a8c04893dddd6) Importer(815301076,1909f56bfc062723c751e8b465ee728b)
Start importing Assets/Materials/BroccoTree_1.prefab using Guid(a3aedda576cd0f04fb6a8c04893dddd6) Importer(815301076,1909f56bfc062723c751e8b465ee728b)  -> (artifact id: '9481eca1fa929dc00adcc7c02e9d8a44') in 0.409933 seconds
  Import took 0.418102 seconds .

========================================================================
Received Import Request.
  Time since last request: 162.006234 seconds.
  path: Assets/Materials/atlas.png
  artifactKey: Guid(8a76c4d8a69d79a4686da308cee0e1e8) Importer(815301076,1909f56bfc062723c751e8b465ee728b)
Start importing Assets/Materials/atlas.png using Guid(8a76c4d8a69d79a4686da308cee0e1e8) Importer(815301076,1909f56bfc062723c751e8b465ee728b)  -> (artifact id: '37507908d927e70a652456823618a51a') in 0.078016 seconds
  Import took 0.090728 seconds .

