Using pre-set license
Built from '2020.3/release' branch; Version is '2020.3.12f1 (b3b2c6512326) revision 11776710'; Using compiler version '192528614'; Build Type 'Release'
OS: 'Windows 10 Pro; OS build 19041.1083; Version 2004; 64bit' Language: 'de' Physical Memory: 16334 MB
BatchMode: 1, IsHumanControllingUs: 0, StartBugReporterOnCrash: 0, Is64bit: 1, IsPro: 0

 COMMAND LINE ARGUMENTS:
C:\Program Files\Unity\Hub\Editor\2020.3.12f1\Editor\Unity.exe
-adb2
-batchMode
-noUpm
-name
AssetImportWorker0
-projectPath
C:/Users/jonwa/Documents/GitHub/OF
-logFile
Logs/AssetImportWorker0.log
-srvPort
61932
Successfully changed project path to: C:/Users/jonwa/Documents/GitHub/OF
C:/Users/jonwa/Documents/GitHub/OF
Using Asset Import Pipeline V2.
Refreshing native plugins compatible for Editor in 53.18 ms, found 3 plugins.
Preloading 0 native plugins for Editor in 0.00 ms.
Initialize engine version: 2020.3.12f1 (b3b2c6512326)
[Subsystems] Discovering subsystems at path C:/Program Files/Unity/Hub/Editor/2020.3.12f1/Editor/Data/Resources/UnitySubsystems
[Subsystems] Discovering subsystems at path C:/Users/jonwa/Documents/GitHub/OF/Assets
GfxDevice: creating device client; threaded=0
Direct3D:
    Version:  Direct3D 11.0 [level 11.1]
    Renderer: NVIDIA GeForce GTX 1050 Ti (ID=0x1c82)
    Vendor:   
    VRAM:     4018 MB
    Driver:   27.21.14.5671
Initialize mono
Mono path[0] = 'C:/Program Files/Unity/Hub/Editor/2020.3.12f1/Editor/Data/Managed'
Mono path[1] = 'C:/Program Files/Unity/Hub/Editor/2020.3.12f1/Editor/Data/MonoBleedingEdge/lib/mono/unityjit'
Mono config path = 'C:/Program Files/Unity/Hub/Editor/2020.3.12f1/Editor/Data/MonoBleedingEdge/etc'
Using monoOptions --debugger-agent=transport=dt_socket,embedding=1,server=y,suspend=n,address=127.0.0.1:56168
Begin MonoManager ReloadAssembly
Registering precompiled unity dll's ...
Register platform support module: C:/Program Files/Unity/Hub/Editor/2020.3.12f1/Editor/Data/PlaybackEngines/WindowsStandaloneSupport/UnityEditor.WindowsStandalone.Extensions.dll
Registered in 0.001871 seconds.
Native extension for WindowsStandalone target not found
Refreshing native plugins compatible for Editor in 49.26 ms, found 3 plugins.
Preloading 0 native plugins for Editor in 0.00 ms.
Mono: successfully reloaded assembly
- Completed reload, in  1.517 seconds
Platform modules already initialized, skipping
Registering precompiled user dll's ...
Registered in 0.003947 seconds.
Begin MonoManager ReloadAssembly
Native extension for WindowsStandalone target not found
Refreshing native plugins compatible for Editor in 49.99 ms, found 3 plugins.
Preloading 0 native plugins for Editor in 0.00 ms.
Mono: successfully reloaded assembly
- Completed reload, in  0.983 seconds
Platform modules already initialized, skipping
========================================================================
Worker process is ready to serve import requests
Launched and connected shader compiler UnityShaderCompiler.exe after 0.04 seconds
Refreshing native plugins compatible for Editor in 0.60 ms, found 3 plugins.
Preloading 0 native plugins for Editor in 0.00 ms.
Unloading 2684 Unused Serialized files (Serialized files now loaded: 0)
System memory in use before: 122.0 MB.
System memory in use after: 122.1 MB.

Unloading 35 unused Assets to reduce memory usage. Loaded Objects now: 3124.
Total: 2.113700 ms (FindLiveObjects: 0.237200 ms CreateObjectMapping: 0.064100 ms MarkObjects: 1.691600 ms  DeleteObjects: 0.119900 ms)

AssetImportParameters requested are different than current active one (requested -> active):
  custom:framework-win-MediaFoundation: 216162199b28c13a410421893ffa2e32 -> 
  custom:video-decoder-ogg-theora: a1e56fd34408186e4bbccfd4996cb3dc -> 
  custom:container-muxer-webm: aa71ff27fc2769a1b78a27578f13a17b -> 
  custom:container-demuxer-webm: 4f35f7cbe854078d1ac9338744f61a02 -> 
  custom:container-demuxer-ogg: 62fdf1f143b41e24485cea50d1cbac27 -> 
  custom:video-encoder-webm-vp8: eb34c28f22e8b96e1ab97ce403110664 -> 
  custom:video-decoder-webm-vp8: 9c59270c3fd7afecdb556c50c9e8de78 -> 
  custom:audio-decoder-ogg-vorbis: bf7c407c2cedff20999df2af8eb42d56 -> 
  custom:audio-encoder-webm-vorbis: bf7c407c2cedff20999df2af8eb42d56 -> 
========================================================================
Received Import Request.
  path: Assets/Scripts/Navigation.cs
  artifactKey: Guid(92780f341c653b447995e6e0aa9c3112) Importer(815301076,1909f56bfc062723c751e8b465ee728b)
Start importing Assets/Scripts/Navigation.cs using Guid(92780f341c653b447995e6e0aa9c3112) Importer(815301076,1909f56bfc062723c751e8b465ee728b)  -> (artifact id: '0d6a373aad7797ce0dc3e0479629eda4') in 0.039652 seconds 
  Import took 0.043109 seconds .

========================================================================
Received Prepare
Registering precompiled user dll's ...
Registered in 0.004016 seconds.
Begin MonoManager ReloadAssembly
Native extension for WindowsStandalone target not found
Refreshing native plugins compatible for Editor in 0.68 ms, found 3 plugins.
Preloading 0 native plugins for Editor in 0.00 ms.
Mono: successfully reloaded assembly
- Completed reload, in  0.904 seconds
Platform modules already initialized, skipping
Switching build target platform(19) subTarget(0) extendedPlatform(0) -> platform(13) subTarget(589824) extendedPlatform(0)
Refreshing native plugins compatible for Editor in 0.63 ms, found 3 plugins.
Preloading 0 native plugins for Editor in 0.00 ms.
Unloading 2670 Unused Serialized files (Serialized files now loaded: 0)
System memory in use before: 120.7 MB.
System memory in use after: 120.8 MB.

Unloading 23 unused Assets to reduce memory usage. Loaded Objects now: 3129.
Total: 2.095100 ms (FindLiveObjects: 0.269100 ms CreateObjectMapping: 0.059800 ms MarkObjects: 1.667000 ms  DeleteObjects: 0.098200 ms)

AssetImportParameters requested are different than current active one (requested -> active):
  custom:framework-win-MediaFoundation: 216162199b28c13a410421893ffa2e32 -> 
  custom:video-decoder-ogg-theora: a1e56fd34408186e4bbccfd4996cb3dc -> 
  custom:container-muxer-webm: aa71ff27fc2769a1b78a27578f13a17b -> 
  custom:container-demuxer-webm: 4f35f7cbe854078d1ac9338744f61a02 -> 
  custom:container-demuxer-ogg: 62fdf1f143b41e24485cea50d1cbac27 -> 
  custom:video-encoder-webm-vp8: eb34c28f22e8b96e1ab97ce403110664 -> 
  custom:video-decoder-webm-vp8: 9c59270c3fd7afecdb556c50c9e8de78 -> 
  custom:graphics/normal-map-encoding: 01000000000000000000000000000000 -> 02000000000000000000000000000000
  custom:audio-decoder-ogg-vorbis: bf7c407c2cedff20999df2af8eb42d56 -> 
  custom:audio-encoder-webm-vorbis: bf7c407c2cedff20999df2af8eb42d56 -> 
========================================================================
Received Import Request.
  Time since last request: 68.736748 seconds.
  path: Assets/Scripts/EarthSeedDrag.cs
  artifactKey: Guid(65f55330df78fb94b9c0bca58156c80e) Importer(815301076,1909f56bfc062723c751e8b465ee728b)
Start importing Assets/Scripts/EarthSeedDrag.cs using Guid(65f55330df78fb94b9c0bca58156c80e) Importer(815301076,1909f56bfc062723c751e8b465ee728b)  -> (artifact id: '88e4193c946871e81cf34eac0f2da0fa') in 0.004789 seconds 
  Import took 0.008510 seconds .

========================================================================
Received Import Request.
  Time since last request: 0.001977 seconds.
  path: Assets/Scripts/EarthSeedDrag.cs
  artifactKey: Guid(65f55330df78fb94b9c0bca58156c80e) Importer(815301076,1909f56bfc062723c751e8b465ee728b)
Start importing Assets/Scripts/EarthSeedDrag.cs using Guid(65f55330df78fb94b9c0bca58156c80e) Importer(815301076,1909f56bfc062723c751e8b465ee728b)  -> (artifact id: '88e4193c946871e81cf34eac0f2da0fa') in 0.001612 seconds 
  Import took 0.004340 seconds .

========================================================================
Received Prepare
Registering precompiled user dll's ...
Registered in 0.004010 seconds.
Begin MonoManager ReloadAssembly
Native extension for WindowsStandalone target not found
Refreshing native plugins compatible for Editor in 0.64 ms, found 3 plugins.
Preloading 0 native plugins for Editor in 0.00 ms.
Mono: successfully reloaded assembly
- Completed reload, in  0.859 seconds
Platform modules already initialized, skipping
Switching build target platform(19) subTarget(0) extendedPlatform(0) -> platform(13) subTarget(589824) extendedPlatform(0)
Refreshing native plugins compatible for Editor in 0.63 ms, found 3 plugins.
Preloading 0 native plugins for Editor in 0.00 ms.
Unloading 2670 Unused Serialized files (Serialized files now loaded: 0)
System memory in use before: 120.8 MB.
System memory in use after: 120.9 MB.

Unloading 23 unused Assets to reduce memory usage. Loaded Objects now: 3134.
Total: 2.677000 ms (FindLiveObjects: 0.379900 ms CreateObjectMapping: 0.065000 ms MarkObjects: 2.115100 ms  DeleteObjects: 0.115800 ms)

AssetImportParameters requested are different than current active one (requested -> active):
  custom:framework-win-MediaFoundation: 216162199b28c13a410421893ffa2e32 -> 
  custom:video-decoder-ogg-theora: a1e56fd34408186e4bbccfd4996cb3dc -> 
  custom:container-muxer-webm: aa71ff27fc2769a1b78a27578f13a17b -> 
  custom:container-demuxer-webm: 4f35f7cbe854078d1ac9338744f61a02 -> 
  custom:container-demuxer-ogg: 62fdf1f143b41e24485cea50d1cbac27 -> 
  custom:video-encoder-webm-vp8: eb34c28f22e8b96e1ab97ce403110664 -> 
  custom:video-decoder-webm-vp8: 9c59270c3fd7afecdb556c50c9e8de78 -> 
  custom:graphics/normal-map-encoding: 01000000000000000000000000000000 -> 02000000000000000000000000000000
  custom:audio-decoder-ogg-vorbis: bf7c407c2cedff20999df2af8eb42d56 -> 
  custom:audio-encoder-webm-vorbis: bf7c407c2cedff20999df2af8eb42d56 -> 
========================================================================
Received Import Request.
  Time since last request: 197.507698 seconds.
  path: Assets/Scripts/EarthSeedDrag1.cs
  artifactKey: Guid(e8c961c9ff82f0b45936a3ce319581ed) Importer(815301076,1909f56bfc062723c751e8b465ee728b)
Start importing Assets/Scripts/EarthSeedDrag1.cs using Guid(e8c961c9ff82f0b45936a3ce319581ed) Importer(815301076,1909f56bfc062723c751e8b465ee728b)  -> (artifact id: '2c6f2cc40ed54f4fd32d61fa56488a76') in 0.005968 seconds 
  Import took 0.009862 seconds .

========================================================================
Received Import Request.
  Time since last request: 0.542561 seconds.
  path: Assets/Scripts/EarthSeedDrag2.cs
  artifactKey: Guid(208f8f34ca61f304386b596b0abfb411) Importer(815301076,1909f56bfc062723c751e8b465ee728b)
Start importing Assets/Scripts/EarthSeedDrag2.cs using Guid(208f8f34ca61f304386b596b0abfb411) Importer(815301076,1909f56bfc062723c751e8b465ee728b)  -> (artifact id: '683a83d7acfe82c3ef37f9983d1d3c2d') in 0.001901 seconds 
  Import took 0.005486 seconds .

========================================================================
Received Import Request.
  Time since last request: 0.001609 seconds.
  path: Assets/Scripts/EarthSeedDrag2.cs
  artifactKey: Guid(208f8f34ca61f304386b596b0abfb411) Importer(815301076,1909f56bfc062723c751e8b465ee728b)
Start importing Assets/Scripts/EarthSeedDrag2.cs using Guid(208f8f34ca61f304386b596b0abfb411) Importer(815301076,1909f56bfc062723c751e8b465ee728b)  -> (artifact id: '683a83d7acfe82c3ef37f9983d1d3c2d') in 0.001682 seconds 
  Import took 0.005092 seconds .

========================================================================
Received Import Request.
  Time since last request: 0.572197 seconds.
  path: Assets/Scripts/EarthSeedDrag3.cs
  artifactKey: Guid(b519b53f1811acc438373de958127117) Importer(815301076,1909f56bfc062723c751e8b465ee728b)
Start importing Assets/Scripts/EarthSeedDrag3.cs using Guid(b519b53f1811acc438373de958127117) Importer(815301076,1909f56bfc062723c751e8b465ee728b)  -> (artifact id: '42702f91f8542acc7e96623c2eaa5781') in 0.001851 seconds 
  Import took 0.005245 seconds .

========================================================================
Received Import Request.
  Time since last request: 0.001865 seconds.
  path: Assets/Scripts/EarthSeedDrag3.cs
  artifactKey: Guid(b519b53f1811acc438373de958127117) Importer(815301076,1909f56bfc062723c751e8b465ee728b)
Start importing Assets/Scripts/EarthSeedDrag3.cs using Guid(b519b53f1811acc438373de958127117) Importer(815301076,1909f56bfc062723c751e8b465ee728b)  -> (artifact id: '42702f91f8542acc7e96623c2eaa5781') in 0.001511 seconds 
  Import took 0.004236 seconds .

========================================================================
Received Import Request.
  Time since last request: 1.546869 seconds.
  path: Assets/Scripts/FireSeedDrag1.cs
  artifactKey: Guid(e4e327f222633fc40b3f482a7ccf86e4) Importer(815301076,1909f56bfc062723c751e8b465ee728b)
Start importing Assets/Scripts/FireSeedDrag1.cs using Guid(e4e327f222633fc40b3f482a7ccf86e4) Importer(815301076,1909f56bfc062723c751e8b465ee728b)  -> (artifact id: '6ff38e23a506a1c2be96ccbe23497049') in 0.001914 seconds 
  Import took 0.005510 seconds .

========================================================================
Received Import Request.
  Time since last request: 0.001196 seconds.
  path: Assets/Scripts/FireSeedDrag1.cs
  artifactKey: Guid(e4e327f222633fc40b3f482a7ccf86e4) Importer(815301076,1909f56bfc062723c751e8b465ee728b)
Start importing Assets/Scripts/FireSeedDrag1.cs using Guid(e4e327f222633fc40b3f482a7ccf86e4) Importer(815301076,1909f56bfc062723c751e8b465ee728b)  -> (artifact id: '6ff38e23a506a1c2be96ccbe23497049') in 0.001589 seconds 
  Import took 0.004358 seconds .

========================================================================
Received Import Request.
  Time since last request: 0.565185 seconds.
  path: Assets/Scripts/FireSeedDrag2.cs
  artifactKey: Guid(c8de2e95d581e164193b85364b4c54f9) Importer(815301076,1909f56bfc062723c751e8b465ee728b)
Start importing Assets/Scripts/FireSeedDrag2.cs using Guid(c8de2e95d581e164193b85364b4c54f9) Importer(815301076,1909f56bfc062723c751e8b465ee728b)  -> (artifact id: '00c9c11f79026d4dbabf6aca6bfdddc1') in 0.001859 seconds 
  Import took 0.005237 seconds .

========================================================================
Received Import Request.
  Time since last request: 0.001389 seconds.
  path: Assets/Scripts/FireSeedDrag2.cs
  artifactKey: Guid(c8de2e95d581e164193b85364b4c54f9) Importer(815301076,1909f56bfc062723c751e8b465ee728b)
Start importing Assets/Scripts/FireSeedDrag2.cs using Guid(c8de2e95d581e164193b85364b4c54f9) Importer(815301076,1909f56bfc062723c751e8b465ee728b)  -> (artifact id: '00c9c11f79026d4dbabf6aca6bfdddc1') in 0.001468 seconds 
  Import took 0.004091 seconds .

========================================================================
Received Import Request.
  Time since last request: 0.523057 seconds.
  path: Assets/Scripts/FireSeedDrag3.cs
  artifactKey: Guid(1a07d357b6bd56847a95a0f0c7be1049) Importer(815301076,1909f56bfc062723c751e8b465ee728b)
Start importing Assets/Scripts/FireSeedDrag3.cs using Guid(1a07d357b6bd56847a95a0f0c7be1049) Importer(815301076,1909f56bfc062723c751e8b465ee728b)  -> (artifact id: '5ba47fb5858bf506bc4bd05a80dac177') in 0.001901 seconds 
  Import took 0.005233 seconds .

========================================================================
Received Import Request.
  Time since last request: 0.002027 seconds.
  path: Assets/Scripts/FireSeedDrag3.cs
  artifactKey: Guid(1a07d357b6bd56847a95a0f0c7be1049) Importer(815301076,1909f56bfc062723c751e8b465ee728b)
Start importing Assets/Scripts/FireSeedDrag3.cs using Guid(1a07d357b6bd56847a95a0f0c7be1049) Importer(815301076,1909f56bfc062723c751e8b465ee728b)  -> (artifact id: '5ba47fb5858bf506bc4bd05a80dac177') in 0.001448 seconds 
  Import took 0.004041 seconds .

========================================================================
Received Prepare
Registering precompiled user dll's ...
Registered in 0.003989 seconds.
Begin MonoManager ReloadAssembly
Native extension for WindowsStandalone target not found
Refreshing native plugins compatible for Editor in 0.64 ms, found 3 plugins.
Preloading 0 native plugins for Editor in 0.00 ms.
Mono: successfully reloaded assembly
- Completed reload, in  0.905 seconds
Platform modules already initialized, skipping
Switching build target platform(19) subTarget(0) extendedPlatform(0) -> platform(13) subTarget(589824) extendedPlatform(0)
Refreshing native plugins compatible for Editor in 0.62 ms, found 3 plugins.
Preloading 0 native plugins for Editor in 0.00 ms.
Unloading 2670 Unused Serialized files (Serialized files now loaded: 0)
System memory in use before: 120.8 MB.
System memory in use after: 120.9 MB.

Unloading 23 unused Assets to reduce memory usage. Loaded Objects now: 3139.
Total: 2.384500 ms (FindLiveObjects: 0.373900 ms CreateObjectMapping: 0.123500 ms MarkObjects: 1.777500 ms  DeleteObjects: 0.108300 ms)

AssetImportParameters requested are different than current active one (requested -> active):
  custom:framework-win-MediaFoundation: 216162199b28c13a410421893ffa2e32 -> 
  custom:video-decoder-ogg-theora: a1e56fd34408186e4bbccfd4996cb3dc -> 
  custom:container-muxer-webm: aa71ff27fc2769a1b78a27578f13a17b -> 
  custom:container-demuxer-webm: 4f35f7cbe854078d1ac9338744f61a02 -> 
  custom:container-demuxer-ogg: 62fdf1f143b41e24485cea50d1cbac27 -> 
  custom:video-encoder-webm-vp8: eb34c28f22e8b96e1ab97ce403110664 -> 
  custom:video-decoder-webm-vp8: 9c59270c3fd7afecdb556c50c9e8de78 -> 
  custom:graphics/normal-map-encoding: 01000000000000000000000000000000 -> 02000000000000000000000000000000
  custom:audio-decoder-ogg-vorbis: bf7c407c2cedff20999df2af8eb42d56 -> 
  custom:audio-encoder-webm-vorbis: bf7c407c2cedff20999df2af8eb42d56 -> 
========================================================================
Received Import Request.
  Time since last request: 124.102308 seconds.
  path: Assets/Scripts/FireSeedDrag3.cs
  artifactKey: Guid(1a07d357b6bd56847a95a0f0c7be1049) Importer(815301076,1909f56bfc062723c751e8b465ee728b)
Start importing Assets/Scripts/FireSeedDrag3.cs using Guid(1a07d357b6bd56847a95a0f0c7be1049) Importer(815301076,1909f56bfc062723c751e8b465ee728b)  -> (artifact id: 'fcca7175b36943912abd4a62ccbbfd5e') in 0.004503 seconds 
  Import took 0.007801 seconds .

========================================================================
Received Import Request.
  Time since last request: 0.000172 seconds.
  path: Assets/Scripts/WaterSeedDrag1.cs
  artifactKey: Guid(b9deeaee534a5b5479e4b458f90d47b6) Importer(815301076,1909f56bfc062723c751e8b465ee728b)
Start importing Assets/Scripts/WaterSeedDrag1.cs using Guid(b9deeaee534a5b5479e4b458f90d47b6) Importer(815301076,1909f56bfc062723c751e8b465ee728b)  -> (artifact id: '50ce9477bc032b077a0e7ff518dcb9eb') in 0.001641 seconds 
  Import took 0.004362 seconds .

========================================================================
Received Import Request.
  Time since last request: 2.429270 seconds.
  path: Assets/Scripts/WaterSeedDrag.cs
  artifactKey: Guid(58bf9096390523744a8af52345a47aed) Importer(815301076,1909f56bfc062723c751e8b465ee728b)
Start importing Assets/Scripts/WaterSeedDrag.cs using Guid(58bf9096390523744a8af52345a47aed) Importer(815301076,1909f56bfc062723c751e8b465ee728b)  -> (artifact id: '0a5f7d886ea8cd294f52b03e877172c0') in 0.001922 seconds 
  Import took 0.005531 seconds .

========================================================================
Received Import Request.
  Time since last request: 0.000885 seconds.
  path: Assets/Scripts/WaterSeedDrag.cs
  artifactKey: Guid(58bf9096390523744a8af52345a47aed) Importer(815301076,1909f56bfc062723c751e8b465ee728b)
Start importing Assets/Scripts/WaterSeedDrag.cs using Guid(58bf9096390523744a8af52345a47aed) Importer(815301076,1909f56bfc062723c751e8b465ee728b)  -> (artifact id: '0a5f7d886ea8cd294f52b03e877172c0') in 0.001556 seconds 
  Import took 0.004237 seconds .

========================================================================
Received Import Request.
  Time since last request: 1.179182 seconds.
  path: Assets/Scripts/WaterSeedDrag2.cs
  artifactKey: Guid(3ac6cc8beae7733408e0a9903bc527fe) Importer(815301076,1909f56bfc062723c751e8b465ee728b)
Start importing Assets/Scripts/WaterSeedDrag2.cs using Guid(3ac6cc8beae7733408e0a9903bc527fe) Importer(815301076,1909f56bfc062723c751e8b465ee728b)  -> (artifact id: '83ef8a02aec26698cd0f6391fb20ea16') in 0.001995 seconds 
  Import took 0.005643 seconds .

========================================================================
Received Import Request.
  Time since last request: 0.001532 seconds.
  path: Assets/Scripts/WaterSeedDrag2.cs
  artifactKey: Guid(3ac6cc8beae7733408e0a9903bc527fe) Importer(815301076,1909f56bfc062723c751e8b465ee728b)
Start importing Assets/Scripts/WaterSeedDrag2.cs using Guid(3ac6cc8beae7733408e0a9903bc527fe) Importer(815301076,1909f56bfc062723c751e8b465ee728b)  -> (artifact id: '83ef8a02aec26698cd0f6391fb20ea16') in 0.001615 seconds 
  Import took 0.004661 seconds .

========================================================================
Received Import Request.
  Time since last request: 0.606087 seconds.
  path: Assets/Scripts/WaterSeedDrag3.cs
  artifactKey: Guid(ad85c7e02e91ca74ab7a9a201c3fe4da) Importer(815301076,1909f56bfc062723c751e8b465ee728b)
Start importing Assets/Scripts/WaterSeedDrag3.cs using Guid(ad85c7e02e91ca74ab7a9a201c3fe4da) Importer(815301076,1909f56bfc062723c751e8b465ee728b)  -> (artifact id: '414c69d7e59b1a34927676e6230edf74') in 0.001875 seconds 
  Import took 0.005281 seconds .

========================================================================
Received Import Request.
  Time since last request: 0.001360 seconds.
  path: Assets/Scripts/WaterSeedDrag3.cs
  artifactKey: Guid(ad85c7e02e91ca74ab7a9a201c3fe4da) Importer(815301076,1909f56bfc062723c751e8b465ee728b)
Start importing Assets/Scripts/WaterSeedDrag3.cs using Guid(ad85c7e02e91ca74ab7a9a201c3fe4da) Importer(815301076,1909f56bfc062723c751e8b465ee728b)  -> (artifact id: '414c69d7e59b1a34927676e6230edf74') in 0.001488 seconds 
  Import took 0.004182 seconds .

========================================================================
Received Import Request.
  Time since last request: 0.595431 seconds.
  path: Assets/Scripts/WindSeedDrag.cs
  artifactKey: Guid(7fe549c60389c8741bbbc32cf4b51727) Importer(815301076,1909f56bfc062723c751e8b465ee728b)
Start importing Assets/Scripts/WindSeedDrag.cs using Guid(7fe549c60389c8741bbbc32cf4b51727) Importer(815301076,1909f56bfc062723c751e8b465ee728b)  -> (artifact id: 'f54b06c241ed79fcca0dc210a290499b') in 0.002278 seconds 
  Import took 0.006486 seconds .

========================================================================
Received Import Request.
  Time since last request: 0.000293 seconds.
  path: Assets/Scripts/WindSeedDrag.cs
  artifactKey: Guid(7fe549c60389c8741bbbc32cf4b51727) Importer(815301076,1909f56bfc062723c751e8b465ee728b)
Start importing Assets/Scripts/WindSeedDrag.cs using Guid(7fe549c60389c8741bbbc32cf4b51727) Importer(815301076,1909f56bfc062723c751e8b465ee728b)  -> (artifact id: 'f54b06c241ed79fcca0dc210a290499b') in 0.001693 seconds 
  Import took 0.005004 seconds .

========================================================================
Received Import Request.
  Time since last request: 0.745652 seconds.
  path: Assets/Scripts/WindSeedDrag1.cs
  artifactKey: Guid(d5f6dc3bcca323f4192b0ae600921fd9) Importer(815301076,1909f56bfc062723c751e8b465ee728b)
Start importing Assets/Scripts/WindSeedDrag1.cs using Guid(d5f6dc3bcca323f4192b0ae600921fd9) Importer(815301076,1909f56bfc062723c751e8b465ee728b)  -> (artifact id: '47cf4b4ff074557ecf58d554dcc4eb41') in 0.001846 seconds 
  Import took 0.005141 seconds .

========================================================================
Received Import Request.
  Time since last request: 0.002687 seconds.
  path: Assets/Scripts/WindSeedDrag1.cs
  artifactKey: Guid(d5f6dc3bcca323f4192b0ae600921fd9) Importer(815301076,1909f56bfc062723c751e8b465ee728b)
Start importing Assets/Scripts/WindSeedDrag1.cs using Guid(d5f6dc3bcca323f4192b0ae600921fd9) Importer(815301076,1909f56bfc062723c751e8b465ee728b)  -> (artifact id: '47cf4b4ff074557ecf58d554dcc4eb41') in 0.001534 seconds 
  Import took 0.004214 seconds .

========================================================================
Received Import Request.
  Time since last request: 0.669698 seconds.
  path: Assets/Scripts/WindSeedDrag2.cs
  artifactKey: Guid(13af1b111725c974e99b55b3e1eb0efc) Importer(815301076,1909f56bfc062723c751e8b465ee728b)
Start importing Assets/Scripts/WindSeedDrag2.cs using Guid(13af1b111725c974e99b55b3e1eb0efc) Importer(815301076,1909f56bfc062723c751e8b465ee728b)  -> (artifact id: '7264fe82682ac78d305019c4077838f4') in 0.001969 seconds 
  Import took 0.005561 seconds .

========================================================================
Received Import Request.
  Time since last request: 0.001282 seconds.
  path: Assets/Scripts/WindSeedDrag2.cs
  artifactKey: Guid(13af1b111725c974e99b55b3e1eb0efc) Importer(815301076,1909f56bfc062723c751e8b465ee728b)
Start importing Assets/Scripts/WindSeedDrag2.cs using Guid(13af1b111725c974e99b55b3e1eb0efc) Importer(815301076,1909f56bfc062723c751e8b465ee728b)  -> (artifact id: '7264fe82682ac78d305019c4077838f4') in 0.001601 seconds 
  Import took 0.004625 seconds .

========================================================================
Received Prepare
Registering precompiled user dll's ...
Registered in 0.004038 seconds.
Begin MonoManager ReloadAssembly
Native extension for WindowsStandalone target not found
Refreshing native plugins compatible for Editor in 0.65 ms, found 3 plugins.
Preloading 0 native plugins for Editor in 0.00 ms.
Mono: successfully reloaded assembly
- Completed reload, in  0.880 seconds
Platform modules already initialized, skipping
Switching build target platform(19) subTarget(0) extendedPlatform(0) -> platform(13) subTarget(589824) extendedPlatform(0)
Refreshing native plugins compatible for Editor in 0.64 ms, found 3 plugins.
Preloading 0 native plugins for Editor in 0.00 ms.
Unloading 2670 Unused Serialized files (Serialized files now loaded: 0)
System memory in use before: 120.9 MB.
System memory in use after: 120.9 MB.

Unloading 23 unused Assets to reduce memory usage. Loaded Objects now: 3144.
Total: 2.355700 ms (FindLiveObjects: 0.351700 ms CreateObjectMapping: 0.144300 ms MarkObjects: 1.750700 ms  DeleteObjects: 0.108000 ms)

AssetImportParameters requested are different than current active one (requested -> active):
  custom:framework-win-MediaFoundation: 216162199b28c13a410421893ffa2e32 -> 
  custom:video-decoder-ogg-theora: a1e56fd34408186e4bbccfd4996cb3dc -> 
  custom:container-muxer-webm: aa71ff27fc2769a1b78a27578f13a17b -> 
  custom:container-demuxer-webm: 4f35f7cbe854078d1ac9338744f61a02 -> 
  custom:container-demuxer-ogg: 62fdf1f143b41e24485cea50d1cbac27 -> 
  custom:video-encoder-webm-vp8: eb34c28f22e8b96e1ab97ce403110664 -> 
  custom:video-decoder-webm-vp8: 9c59270c3fd7afecdb556c50c9e8de78 -> 
  custom:graphics/normal-map-encoding: 01000000000000000000000000000000 -> 02000000000000000000000000000000
  custom:audio-decoder-ogg-vorbis: bf7c407c2cedff20999df2af8eb42d56 -> 
  custom:audio-encoder-webm-vorbis: bf7c407c2cedff20999df2af8eb42d56 -> 
========================================================================
Received Prepare
Registering precompiled user dll's ...
Registered in 0.004187 seconds.
Begin MonoManager ReloadAssembly
Native extension for WindowsStandalone target not found
Refreshing native plugins compatible for Editor in 0.65 ms, found 3 plugins.
Preloading 0 native plugins for Editor in 0.00 ms.
Mono: successfully reloaded assembly
- Completed reload, in  0.901 seconds
Platform modules already initialized, skipping
Switching build target platform(19) subTarget(0) extendedPlatform(0) -> platform(13) subTarget(589824) extendedPlatform(0)
Refreshing native plugins compatible for Editor in 0.65 ms, found 3 plugins.
Preloading 0 native plugins for Editor in 0.00 ms.
Unloading 2670 Unused Serialized files (Serialized files now loaded: 0)
System memory in use before: 120.9 MB.
System memory in use after: 120.9 MB.

Unloading 23 unused Assets to reduce memory usage. Loaded Objects now: 3149.
Total: 2.114900 ms (FindLiveObjects: 0.266600 ms CreateObjectMapping: 0.059200 ms MarkObjects: 1.678700 ms  DeleteObjects: 0.109300 ms)

AssetImportParameters requested are different than current active one (requested -> active):
  custom:framework-win-MediaFoundation: 216162199b28c13a410421893ffa2e32 -> 
  custom:video-decoder-ogg-theora: a1e56fd34408186e4bbccfd4996cb3dc -> 
  custom:container-muxer-webm: aa71ff27fc2769a1b78a27578f13a17b -> 
  custom:container-demuxer-webm: 4f35f7cbe854078d1ac9338744f61a02 -> 
  custom:container-demuxer-ogg: 62fdf1f143b41e24485cea50d1cbac27 -> 
  custom:video-encoder-webm-vp8: eb34c28f22e8b96e1ab97ce403110664 -> 
  custom:video-decoder-webm-vp8: 9c59270c3fd7afecdb556c50c9e8de78 -> 
  custom:graphics/normal-map-encoding: 01000000000000000000000000000000 -> 02000000000000000000000000000000
  custom:audio-decoder-ogg-vorbis: bf7c407c2cedff20999df2af8eb42d56 -> 
  custom:audio-encoder-webm-vorbis: bf7c407c2cedff20999df2af8eb42d56 -> 
========================================================================
Received Prepare
Registering precompiled user dll's ...
Registered in 0.007224 seconds.
Begin MonoManager ReloadAssembly
Native extension for WindowsStandalone target not found
Refreshing native plugins compatible for Editor in 0.62 ms, found 3 plugins.
Preloading 0 native plugins for Editor in 0.00 ms.
Mono: successfully reloaded assembly
- Completed reload, in  0.918 seconds
Platform modules already initialized, skipping
Switching build target platform(19) subTarget(0) extendedPlatform(0) -> platform(13) subTarget(589824) extendedPlatform(0)
Refreshing native plugins compatible for Editor in 0.69 ms, found 3 plugins.
Preloading 0 native plugins for Editor in 0.00 ms.
Unloading 2670 Unused Serialized files (Serialized files now loaded: 0)
System memory in use before: 120.9 MB.
System memory in use after: 121.0 MB.

Unloading 23 unused Assets to reduce memory usage. Loaded Objects now: 3154.
Total: 2.458500 ms (FindLiveObjects: 0.309600 ms CreateObjectMapping: 0.062400 ms MarkObjects: 1.966700 ms  DeleteObjects: 0.118300 ms)

AssetImportParameters requested are different than current active one (requested -> active):
  custom:framework-win-MediaFoundation: 216162199b28c13a410421893ffa2e32 -> 
  custom:video-decoder-ogg-theora: a1e56fd34408186e4bbccfd4996cb3dc -> 
  custom:container-muxer-webm: aa71ff27fc2769a1b78a27578f13a17b -> 
  custom:container-demuxer-webm: 4f35f7cbe854078d1ac9338744f61a02 -> 
  custom:container-demuxer-ogg: 62fdf1f143b41e24485cea50d1cbac27 -> 
  custom:video-encoder-webm-vp8: eb34c28f22e8b96e1ab97ce403110664 -> 
  custom:video-decoder-webm-vp8: 9c59270c3fd7afecdb556c50c9e8de78 -> 
  custom:graphics/normal-map-encoding: 01000000000000000000000000000000 -> 02000000000000000000000000000000
  custom:audio-decoder-ogg-vorbis: bf7c407c2cedff20999df2af8eb42d56 -> 
  custom:audio-encoder-webm-vorbis: bf7c407c2cedff20999df2af8eb42d56 -> 
========================================================================
Received Prepare
Registering precompiled user dll's ...
Registered in 0.004166 seconds.
Begin MonoManager ReloadAssembly
Native extension for WindowsStandalone target not found
Refreshing native plugins compatible for Editor in 0.64 ms, found 3 plugins.
Preloading 0 native plugins for Editor in 0.00 ms.
Mono: successfully reloaded assembly
- Completed reload, in  0.922 seconds
Platform modules already initialized, skipping
Switching build target platform(19) subTarget(0) extendedPlatform(0) -> platform(13) subTarget(589824) extendedPlatform(0)
Refreshing native plugins compatible for Editor in 0.68 ms, found 3 plugins.
Preloading 0 native plugins for Editor in 0.00 ms.
Unloading 2670 Unused Serialized files (Serialized files now loaded: 0)
System memory in use before: 120.9 MB.
System memory in use after: 121.0 MB.

Unloading 23 unused Assets to reduce memory usage. Loaded Objects now: 3159.
Total: 2.098300 ms (FindLiveObjects: 0.250100 ms CreateObjectMapping: 0.062800 ms MarkObjects: 1.680800 ms  DeleteObjects: 0.103600 ms)

AssetImportParameters requested are different than current active one (requested -> active):
  custom:framework-win-MediaFoundation: 216162199b28c13a410421893ffa2e32 -> 
  custom:video-decoder-ogg-theora: a1e56fd34408186e4bbccfd4996cb3dc -> 
  custom:container-muxer-webm: aa71ff27fc2769a1b78a27578f13a17b -> 
  custom:container-demuxer-webm: 4f35f7cbe854078d1ac9338744f61a02 -> 
  custom:container-demuxer-ogg: 62fdf1f143b41e24485cea50d1cbac27 -> 
  custom:video-encoder-webm-vp8: eb34c28f22e8b96e1ab97ce403110664 -> 
  custom:video-decoder-webm-vp8: 9c59270c3fd7afecdb556c50c9e8de78 -> 
  custom:graphics/normal-map-encoding: 01000000000000000000000000000000 -> 02000000000000000000000000000000
  custom:audio-decoder-ogg-vorbis: bf7c407c2cedff20999df2af8eb42d56 -> 
  custom:audio-encoder-webm-vorbis: bf7c407c2cedff20999df2af8eb42d56 -> 
========================================================================
Received Prepare
Registering precompiled user dll's ...
Registered in 0.004102 seconds.
Begin MonoManager ReloadAssembly
Native extension for WindowsStandalone target not found
Refreshing native plugins compatible for Editor in 0.68 ms, found 3 plugins.
Preloading 0 native plugins for Editor in 0.00 ms.
Mono: successfully reloaded assembly
- Completed reload, in  0.932 seconds
Platform modules already initialized, skipping
Switching build target platform(19) subTarget(0) extendedPlatform(0) -> platform(13) subTarget(589824) extendedPlatform(0)
Refreshing native plugins compatible for Editor in 0.63 ms, found 3 plugins.
Preloading 0 native plugins for Editor in 0.00 ms.
Unloading 2670 Unused Serialized files (Serialized files now loaded: 0)
System memory in use before: 120.8 MB.
System memory in use after: 120.9 MB.

Unloading 23 unused Assets to reduce memory usage. Loaded Objects now: 3164.
Total: 2.216600 ms (FindLiveObjects: 0.293200 ms CreateObjectMapping: 0.061700 ms MarkObjects: 1.751300 ms  DeleteObjects: 0.109300 ms)

AssetImportParameters requested are different than current active one (requested -> active):
  custom:framework-win-MediaFoundation: 216162199b28c13a410421893ffa2e32 -> 
  custom:video-decoder-ogg-theora: a1e56fd34408186e4bbccfd4996cb3dc -> 
  custom:container-muxer-webm: aa71ff27fc2769a1b78a27578f13a17b -> 
  custom:container-demuxer-webm: 4f35f7cbe854078d1ac9338744f61a02 -> 
  custom:container-demuxer-ogg: 62fdf1f143b41e24485cea50d1cbac27 -> 
  custom:video-encoder-webm-vp8: eb34c28f22e8b96e1ab97ce403110664 -> 
  custom:video-decoder-webm-vp8: 9c59270c3fd7afecdb556c50c9e8de78 -> 
  custom:graphics/normal-map-encoding: 01000000000000000000000000000000 -> 02000000000000000000000000000000
  custom:audio-decoder-ogg-vorbis: bf7c407c2cedff20999df2af8eb42d56 -> 
  custom:audio-encoder-webm-vorbis: bf7c407c2cedff20999df2af8eb42d56 -> 
========================================================================
Received Prepare
Refreshing native plugins compatible for Editor in 4.12 ms, found 3 plugins.
Preloading 0 native plugins for Editor in 0.00 ms.
Unloading 20 Unused Serialized files (Serialized files now loaded: 0)
System memory in use before: 68.6 MB.
System memory in use after: 68.7 MB.

Unloading 19 unused Assets to reduce memory usage. Loaded Objects now: 3165.
Total: 2.137300 ms (FindLiveObjects: 0.278200 ms CreateObjectMapping: 0.063300 ms MarkObjects: 1.690600 ms  DeleteObjects: 0.104200 ms)

AssetImportParameters requested are different than current active one (requested -> active):
  custom:framework-win-MediaFoundation: 216162199b28c13a410421893ffa2e32 -> 
  custom:video-decoder-ogg-theora: a1e56fd34408186e4bbccfd4996cb3dc -> 
  custom:container-muxer-webm: aa71ff27fc2769a1b78a27578f13a17b -> 
  custom:container-demuxer-webm: 4f35f7cbe854078d1ac9338744f61a02 -> 
  custom:container-demuxer-ogg: 62fdf1f143b41e24485cea50d1cbac27 -> 
  custom:video-encoder-webm-vp8: eb34c28f22e8b96e1ab97ce403110664 -> 
  custom:video-decoder-webm-vp8: 9c59270c3fd7afecdb556c50c9e8de78 -> 
  custom:audio-decoder-ogg-vorbis: bf7c407c2cedff20999df2af8eb42d56 -> 
  custom:audio-encoder-webm-vorbis: bf7c407c2cedff20999df2af8eb42d56 -> 
